Build started 4/2/2016 4:48:51 AM.
     1>Project "C:\Users\guenw\Documents\gitrepos\Project2\Project2\Project2.vcxproj" on node 2 (Build target(s)).
     1>ClCompile:
         C:\Program Files (x86)\Microsoft Visual Studio 14.0\VC\bin\x86_amd64\CL.exe /c /ZI /nologo /W3 /WX- /Od /D _DEBUG /D _CONSOLE /D _UNICODE /D UNICODE /Gm /EHsc /RTC1 /MDd /GS /fp:precise /Zc:wchar_t /Zc:forScope /Zc:inline /Fo"x64\Debug\\" /Fd"x64\Debug\vc140.pdb" /Gd /TP /errorReport:prompt main.cpp suffixTree.cpp
         suffixTree.cpp
     1>c:\users\guenw\documents\gitrepos\project2\project2\suffixtree.cpp(340): warning C4267: 'argument': conversion from 'size_t' to 'int', possible loss of data
     1>c:\users\guenw\documents\gitrepos\project2\project2\suffixtree.cpp(396): warning C4267: 'argument': conversion from 'size_t' to 'int', possible loss of data
     1>c:\users\guenw\documents\gitrepos\project2\project2\suffixtree.cpp(404): warning C4267: 'argument': conversion from 'size_t' to 'int', possible loss of data
     1>c:\users\guenw\documents\gitrepos\project2\project2\suffixtree.cpp(418): warning C4267: 'argument': conversion from 'size_t' to 'int', possible loss of data
         main.cpp
     1>c:\users\guenw\documents\gitrepos\project2\project2\suffixtree.cpp(340): warning C4267: 'argument': conversion from 'size_t' to 'int', possible loss of data
     1>c:\users\guenw\documents\gitrepos\project2\project2\suffixtree.cpp(396): warning C4267: 'argument': conversion from 'size_t' to 'int', possible loss of data
     1>c:\users\guenw\documents\gitrepos\project2\project2\suffixtree.cpp(404): warning C4267: 'argument': conversion from 'size_t' to 'int', possible loss of data
     1>c:\users\guenw\documents\gitrepos\project2\project2\suffixtree.cpp(418): warning C4267: 'argument': conversion from 'size_t' to 'int', possible loss of data
         Generating Code...
       Link:
         C:\Program Files (x86)\Microsoft Visual Studio 14.0\VC\bin\x86_amd64\link.exe /ERRORREPORT:PROMPT /OUT:"C:\Users\guenw\Documents\gitrepos\Project2\x64\Debug\Project2.exe" /INCREMENTAL /NOLOGO kernel32.lib user32.lib gdi32.lib winspool.lib comdlg32.lib advapi32.lib shell32.lib ole32.lib oleaut32.lib uuid.lib odbc32.lib odbccp32.lib /MANIFEST /MANIFESTUAC:"level='asInvoker' uiAccess='false'" /manifest:embed /Debug /PDB:"C:\Users\guenw\Documents\gitrepos\Project2\x64\Debug\Project2.pdb" /SUBSYSTEM:CONSOLE /TLBID:1 /DYNAMICBASE /NXCOMPAT /IMPLIB:"C:\Users\guenw\Documents\gitrepos\Project2\x64\Debug\Project2.lib" /MACHINE:X64 x64\Debug\genomics.obj
         x64\Debug\main.obj
         x64\Debug\suffixTree.obj
         Project2.vcxproj -> C:\Users\guenw\Documents\gitrepos\Project2\x64\Debug\Project2.exe
     1>Done Building Project "C:\Users\guenw\Documents\gitrepos\Project2\Project2\Project2.vcxproj" (Build target(s)).

Build succeeded.

Time Elapsed 00:00:01.30
